0 info it worked if it ends with ok
1 verbose cli [ '/Users/brantwellons/.nvm/versions/node/v7.4.0/bin/node',
1 verbose cli   '/Users/brantwellons/.nvm/versions/node/v7.4.0/bin/npm',
1 verbose cli   'publish' ]
2 info using npm@4.0.5
3 info using node@v7.4.0
4 verbose publish [ '.' ]
5 silly cache add args [ '.', null ]
6 verbose cache add spec .
7 silly cache add parsed spec Result {
7 silly cache add   raw: '.',
7 silly cache add   scope: null,
7 silly cache add   escapedName: null,
7 silly cache add   name: null,
7 silly cache add   rawSpec: '.',
7 silly cache add   spec: '/Users/brantwellons/bitbucket/ng2-countries',
7 silly cache add   type: 'directory' }
8 verbose addLocalDirectory /Users/brantwellons/.npm/ng2-countries/1.0.0/package.tgz not in flight; packing
9 verbose correctMkdir /Users/brantwellons/.npm correctMkdir not in flight; initializing
10 info lifecycle ng2-countries@1.0.0~prepublish: ng2-countries@1.0.0
11 silly lifecycle ng2-countries@1.0.0~prepublish: no script for prepublish, continuing
12 info lifecycle ng2-countries@1.0.0~prepare: ng2-countries@1.0.0
13 silly lifecycle ng2-countries@1.0.0~prepare: no script for prepare, continuing
14 verbose tar pack [ '/Users/brantwellons/.npm/ng2-countries/1.0.0/package.tgz',
14 verbose tar pack   '/Users/brantwellons/bitbucket/ng2-countries' ]
15 verbose tarball /Users/brantwellons/.npm/ng2-countries/1.0.0/package.tgz
16 verbose folder /Users/brantwellons/bitbucket/ng2-countries
17 verbose addLocalTarball adding from inside cache /Users/brantwellons/.npm/ng2-countries/1.0.0/package.tgz
18 verbose correctMkdir /Users/brantwellons/.npm correctMkdir not in flight; initializing
19 silly cache afterAdd ng2-countries@1.0.0
20 verbose afterAdd /Users/brantwellons/.npm/ng2-countries/1.0.0/package/package.json not in flight; writing
21 verbose correctMkdir /Users/brantwellons/.npm correctMkdir not in flight; initializing
22 verbose afterAdd /Users/brantwellons/.npm/ng2-countries/1.0.0/package/package.json written
23 silly publish { name: 'ng2-countries',
23 silly publish   version: '1.0.0',
23 silly publish   description: 'Angular 2 service for retrieving countries',
23 silly publish   main: 'ng2-countries.js',
23 silly publish   scripts: { test: 'echo "Error: no test specified" && exit 1' },
23 silly publish   keywords: [ 'ng2', 'countries', 'world' ],
23 silly publish   author: { name: 'Brant Wellons', email: 'Brant@BrantWellons.com' },
23 silly publish   license: 'ISC',
23 silly publish   devDependencies: { '@angular/core': '^2.4.3' },
23 silly publish   dependencies: { '@types/lodash': '^4.14.50', lodash: '^4.17.4' },
23 silly publish   readme: '# README #\n\nAngular2 Service for retrieving a list of Countries by continents\n\n### How do I get set up? ###\n\n* import { CountryService } from \'./path/to/service/country.service\';\n* providers: [CountryService] // Add to providers array\n* Inject into component constructor\n* this.CountryService.getNorthAmericanCountries(); // Use\n\n### Methods ###\n* getNorthAmericanCountries() -\n* getEuropeanCountries() -\n* getAsianCountries() -\n* getAfricanCountries() -\n* getOceaniaCountries() - Australia, etc\n* getSouthAmericanCountries() -\n* getAntarticaCountries() -\n\n\n### Contribution guidelines ###\n\n* Code\n* Write tests\n* Pull Request\n\n### Improvement ideas, general non-sense... ###\n\n* Brant Wellons <Brant@BrantWellons.com>',
23 silly publish   readmeFilename: 'README.md',
23 silly publish   gitHead: 'd9b18884d31153664efacade343de46bcd9e8a38',
23 silly publish   _id: 'ng2-countries@1.0.0',
23 silly publish   _shasum: '9c3694f796aa4fd1bb19996336fd4b04b428ad7d',
23 silly publish   _from: '.' }
24 info lifecycle ng2-countries@1.0.0~prepublishOnly: ng2-countries@1.0.0
25 silly lifecycle ng2-countries@1.0.0~prepublishOnly: no script for prepublishOnly, continuing
26 verbose getPublishConfig undefined
27 silly mapToRegistry name ng2-countries
28 silly mapToRegistry using default registry
29 silly mapToRegistry registry http://registry.npmjs.org/
30 silly mapToRegistry data Result {
30 silly mapToRegistry   raw: 'ng2-countries',
30 silly mapToRegistry   scope: null,
30 silly mapToRegistry   escapedName: 'ng2-countries',
30 silly mapToRegistry   name: 'ng2-countries',
30 silly mapToRegistry   rawSpec: '',
30 silly mapToRegistry   spec: 'latest',
30 silly mapToRegistry   type: 'tag' }
31 silly mapToRegistry uri http://registry.npmjs.org/ng2-countries
32 verbose publish registryBase http://registry.npmjs.org/
33 silly publish uploading /Users/brantwellons/.npm/ng2-countries/1.0.0/package.tgz
34 verbose request uri http://registry.npmjs.org/ng2-countries
35 verbose request always-auth set; sending authorization
36 info attempt registry request try #1 at 9:36:33 AM
37 verbose request using bearer token for auth
38 verbose request id 8f949965124028d6
39 http request PUT http://registry.npmjs.org/ng2-countries
40 http 403 http://registry.npmjs.org/ng2-countries
41 verbose headers { 'content-type': 'application/json',
41 verbose headers   'cache-control': 'max-age=300',
41 verbose headers   'content-length': '107',
41 verbose headers   'accept-ranges': 'bytes',
41 verbose headers   date: 'Fri, 13 Jan 2017 14:36:33 GMT',
41 verbose headers   via: '1.1 varnish',
41 verbose headers   connection: 'keep-alive',
41 verbose headers   'x-served-by': 'cache-iad2651-IAD',
41 verbose headers   'x-cache': 'MISS',
41 verbose headers   'x-cache-hits': '0',
41 verbose headers   'x-timer': 'S1484318193.640660,VS0,VE340',
41 verbose headers   vary: 'Accept-Encoding' }
42 verbose request invalidating /Users/brantwellons/.npm/registry.npmjs.org/ng2-countries on PUT
43 error publish Failed PUT 403
44 verbose stack Error: you do not have permission to publish "ng2-countries". Are you logged in as the correct user? : ng2-countries
44 verbose stack     at makeError (/Users/brantwellons/.nvm/versions/node/v7.4.0/lib/node_modules/npm/node_modules/npm-registry-client/lib/request.js:302:12)
44 verbose stack     at CachingRegistryClient.<anonymous> (/Users/brantwellons/.nvm/versions/node/v7.4.0/lib/node_modules/npm/node_modules/npm-registry-client/lib/request.js:290:14)
44 verbose stack     at Request._callback (/Users/brantwellons/.nvm/versions/node/v7.4.0/lib/node_modules/npm/node_modules/npm-registry-client/lib/request.js:210:14)
44 verbose stack     at Request.self.callback (/Users/brantwellons/.nvm/versions/node/v7.4.0/lib/node_modules/npm/node_modules/request/request.js:186:22)
44 verbose stack     at emitTwo (events.js:106:13)
44 verbose stack     at Request.emit (events.js:191:7)
44 verbose stack     at Request.<anonymous> (/Users/brantwellons/.nvm/versions/node/v7.4.0/lib/node_modules/npm/node_modules/request/request.js:1081:10)
44 verbose stack     at emitOne (events.js:96:13)
44 verbose stack     at Request.emit (events.js:188:7)
44 verbose stack     at IncomingMessage.<anonymous> (/Users/brantwellons/.nvm/versions/node/v7.4.0/lib/node_modules/npm/node_modules/request/request.js:1001:12)
45 verbose statusCode 403
46 verbose pkgid ng2-countries
47 verbose cwd /Users/brantwellons/bitbucket/ng2-countries
48 error Darwin 16.3.0
49 error argv "/Users/brantwellons/.nvm/versions/node/v7.4.0/bin/node" "/Users/brantwellons/.nvm/versions/node/v7.4.0/bin/npm" "publish"
50 error node v7.4.0
51 error npm  v4.0.5
52 error code E403
53 error you do not have permission to publish "ng2-countries". Are you logged in as the correct user? : ng2-countries
54 error If you need help, you may report this error at:
54 error     <https://github.com/npm/npm/issues>
55 verbose exit [ 1, true ]
